[30Nov2024 15:35:14.396] [main/INFO] [Arclight/]: 

       ___           ___     __   /\
      /   | ________/ (_)__ / /  / /
     / /| |/ __/ __/ / / _ / _ \/__/
    / ___ / / / /_/ / / / / // / /
   /_/  |/_/  \__/_/_/\_ /_//_/ /
                     /__/     \/

    运行版本 顿顽 / arclight-1.20.1-1.0.5-1a8925b
    构建日期 2024-02-28 14:51:40

[30Nov2024 15:35:14.451] [main/INFO] [cpw.mods.modlauncher.Launcher/MODLAUNCHER]: ModLauncher running: args [--launchTarget, arclightserver, --fml.forgeVersion, 47.2.20, --fml.mcVersion, 1.20.1, --fml.forgeGroup, net.minecraftforge, --fml.mcpVersion, 20230612.114412, nogui]
[30Nov2024 15:35:14.456] [main/INFO] [cpw.mods.modlauncher.Launcher/MODLAUNCHER]: ModLauncher 10.0.9+10.0.9+main.dcd20f30 starting: java version 17.0.13 by Ubuntu; OS Linux arch amd64 version 6.5.0-1025-azure
[30Nov2024 15:35:14.710] [main/INFO] [net.minecraftforge.fml.loading.ImmediateWindowHandler/]: ImmediateWindowProvider not loading because launch target is arclightserver
[30Nov2024 15:35:14.767] [main/INFO] [mixin/]: SpongePowered MIXIN Subsystem Version=0.8.5 Source=union:/workspaces/asnosafio/servidor_minecraft/libraries/org/spongepowered/mixin/0.8.5/mixin-0.8.5.jar%2399!/ Service=ModLauncher Env=SERVER
[30Nov2024 15:35:15.162] [main/WARN] [net.minecraftforge.fml.loading.moddiscovery.ModFileParser/LOADING]: Mod file /workspaces/asnosafio/servidor_minecraft/libraries/net/minecraftforge/fmlcore/1.20.1-47.2.20/fmlcore-1.20.1-47.2.20.jar is missing mods.toml file
[30Nov2024 15:35:15.165] [main/WARN] [net.minecraftforge.fml.loading.moddiscovery.ModFileParser/LOADING]: Mod file /workspaces/asnosafio/servidor_minecraft/libraries/net/minecraftforge/javafmllanguage/1.20.1-47.2.20/javafmllanguage-1.20.1-47.2.20.jar is missing mods.toml file
[30Nov2024 15:35:15.167] [main/WARN] [net.minecraftforge.fml.loading.moddiscovery.ModFileParser/LOADING]: Mod file /workspaces/asnosafio/servidor_minecraft/libraries/net/minecraftforge/lowcodelanguage/1.20.1-47.2.20/lowcodelanguage-1.20.1-47.2.20.jar is missing mods.toml file
[30Nov2024 15:35:15.169] [main/WARN] [net.minecraftforge.fml.loading.moddiscovery.ModFileParser/LOADING]: Mod file /workspaces/asnosafio/servidor_minecraft/libraries/net/minecraftforge/mclanguage/1.20.1-47.2.20/mclanguage-1.20.1-47.2.20.jar is missing mods.toml file
[30Nov2024 15:35:15.320] [main/INFO] [net.minecraftforge.fml.loading.moddiscovery.JarInJarDependencyLocator/]: Found 1 dependencies adding them to mods collection
[30Nov2024 15:35:15.388] [main/ERROR] [net.minecraftforge.fml.loading.ModSorter/LOADING]: Missing or unsupported mandatory dependencies:
	Mod ID: 'forge', Requested by: 'morevanillashields', Expected range: '[47.3,)', Actual version: '47.2.20'
[30Nov2024 15:35:17.718] [main/INFO] [mixin/]: Compatibility level set to JAVA_17
[30Nov2024 15:35:17.847] [main/INFO] [mixin/]: Successfully loaded Mixin Connector [io.izzel.arclight.common.mod.ArclightConnector]
[30Nov2024 15:35:17.895] [main/INFO] [Arclight/]: 核心 Mixin 配置已加载
[30Nov2024 15:35:17.900] [main/INFO] [Arclight/]: 服务端优化 Mixin 配置已加载
[30Nov2024 15:35:17.909] [main/INFO] [cpw.mods.modlauncher.LaunchServiceHandler/MODLAUNCHER]: Launching target 'arclightserver' with arguments [nogui]
[30Nov2024 15:35:17.936] [main/INFO] [Rubidium/]: Loaded configuration file for Rubidium: 41 options available, 0 override(s) found
